This is pdfTeX, Version 3.141592653-2.6-1.40.25 (TeX Live 2023/Debian) (preloaded format=pdflatex 2026.5.29)  29 MAY 2026 10:41
entering extended mode
 restricted \write18 enabled.
 %&-line parsing enabled.
**report_rfem_comparison.tex
(./report_rfem_comparison.tex
LaTeX2e <2023-11-01> patch level 1
L3 programming layer <2024-01-22>
(/usr/share/texlive/texmf-dist/tex/latex/base/article.cls
Document Class: article 2023/05/17 v1.4n Standard LaTeX document class
(/usr/share/texlive/texmf-dist/tex/latex/base/size11.clo
File: size11.clo 2023/05/17 v1.4n Standard LaTeX file (size option)
)
\c@part=\count187
\c@section=\count188
\c@subsection=\count189
\c@subsubsection=\count190
\c@paragraph=\count191
\c@subparagraph=\count192
\c@figure=\count193
\c@table=\count194
\abovecaptionskip=\skip48
\belowcaptionskip=\skip49
\bibindent=\dimen140
)
(/usr/share/texlive/texmf-dist/tex/latex/geometry/geometry.sty
Package: geometry 2020/01/02 v5.9 Page Geometry

(/usr/share/texlive/texmf-dist/tex/latex/graphics/keyval.sty
Package: keyval 2022/05/29 v1.15 key=value parser (DPC)
\KV@toks@=\toks17
)
(/usr/share/texlive/texmf-dist/tex/generic/iftex/ifvtex.sty
Package: ifvtex 2019/10/25 v1.7 ifvtex legacy package. Use iftex instead.

(/usr/share/texlive/texmf-dist/tex/generic/iftex/iftex.sty
Package: iftex 2022/02/03 v1.0f TeX engine tests
))
\Gm@cnth=\count195
\Gm@cntv=\count196
\c@Gm@tempcnt=\count197
\Gm@bindingoffset=\dimen141
\Gm@wd@mp=\dimen142
\Gm@odd@mp=\dimen143
\Gm@even@mp=\dimen144
\Gm@layoutwidth=\dimen145
\Gm@layoutheight=\dimen146
\Gm@layouthoffset=\dimen147
\Gm@layoutvoffset=\dimen148
\Gm@dimlist=\toks18
)
(/usr/share/texlive/texmf-dist/tex/latex/graphics/graphicx.sty
Package: graphicx 2021/09/16 v1.2d Enhanced LaTeX Graphics (DPC,SPQR)

(/usr/share/texlive/texmf-dist/tex/latex/graphics/graphics.sty
Package: graphics 2022/03/10 v1.4e Standard LaTeX Graphics (DPC,SPQR)

(/usr/share/texlive/texmf-dist/tex/latex/graphics/trig.sty
Package: trig 2021/08/11 v1.11 sin cos tan (DPC)
)
(/usr/share/texlive/texmf-dist/tex/latex/graphics-cfg/graphics.cfg
File: graphics.cfg 2016/06/04 v1.11 sample graphics configuration
)
Package graphics Info: Driver file: pdftex.def on input line 107.

(/usr/share/texlive/texmf-dist/tex/latex/graphics-def/pdftex.def
File: pdftex.def 2022/09/22 v1.2b Graphics/color driver for pdftex
))
\Gin@req@height=\dimen149
\Gin@req@width=\dimen150
)
(/usr/share/texlive/texmf-dist/tex/latex/amsmath/amsmath.sty
Package: amsmath 2023/05/13 v2.17o AMS math features
\@mathmargin=\skip50

For additional information on amsmath, use the `?' option.
(/usr/share/texlive/texmf-dist/tex/latex/amsmath/amstext.sty
Package: amstext 2021/08/26 v2.01 AMS text

(/usr/share/texlive/texmf-dist/tex/latex/amsmath/amsgen.sty
File: amsgen.sty 1999/11/30 v2.0 generic functions
\@emptytoks=\toks19
\ex@=\dimen151
))
(/usr/share/texlive/texmf-dist/tex/latex/amsmath/amsbsy.sty
Package: amsbsy 1999/11/29 v1.2d Bold Symbols
\pmbraise@=\dimen152
)
(/usr/share/texlive/texmf-dist/tex/latex/amsmath/amsopn.sty
Package: amsopn 2022/04/08 v2.04 operator names
)
\inf@bad=\count198
LaTeX Info: Redefining \frac on input line 234.
\uproot@=\count199
\leftroot@=\count266
LaTeX Info: Redefining \overline on input line 399.
LaTeX Info: Redefining \colon on input line 410.
\classnum@=\count267
\DOTSCASE@=\count268
LaTeX Info: Redefining \ldots on input line 496.
LaTeX Info: Redefining \dots on input line 499.
LaTeX Info: Redefining \cdots on input line 620.
\Mathstrutbox@=\box51
\strutbox@=\box52
LaTeX Info: Redefining \big on input line 722.
LaTeX Info: Redefining \Big on input line 723.
LaTeX Info: Redefining \bigg on input line 724.
LaTeX Info: Redefining \Bigg on input line 725.
\big@size=\dimen153
LaTeX Font Info:    Redeclaring font encoding OML on input line 743.
LaTeX Font Info:    Redeclaring font encoding OMS on input line 744.
\macc@depth=\count269
LaTeX Info: Redefining \bmod on input line 905.
LaTeX Info: Redefining \pmod on input line 910.
LaTeX Info: Redefining \smash on input line 940.
LaTeX Info: Redefining \relbar on input line 970.
LaTeX Info: Redefining \Relbar on input line 971.
\c@MaxMatrixCols=\count270
\dotsspace@=\muskip16
\c@parentequation=\count271
\dspbrk@lvl=\count272
\tag@help=\toks20
\row@=\count273
\column@=\count274
\maxfields@=\count275
\andhelp@=\toks21
\eqnshift@=\dimen154
\alignsep@=\dimen155
\tagshift@=\dimen156
\tagwidth@=\dimen157
\totwidth@=\dimen158
\lineht@=\dimen159
\@envbody=\toks22
\multlinegap=\skip51
\multlinetaggap=\skip52
\mathdisplay@stack=\toks23
LaTeX Info: Redefining \[ on input line 2953.
LaTeX Info: Redefining \] on input line 2954.
)
(/usr/share/texlive/texmf-dist/tex/latex/amsfonts/amssymb.sty
Package: amssymb 2013/01/14 v3.01 AMS font symbols

(/usr/share/texlive/texmf-dist/tex/latex/amsfonts/amsfonts.sty
Package: amsfonts 2013/01/14 v3.01 Basic AMSFonts support
\symAMSa=\mathgroup4
\symAMSb=\mathgroup5
LaTeX Font Info:    Redeclaring math symbol \hbar on input line 98.
LaTeX Font Info:    Overwriting math alphabet `\mathfrak' in version `bold'
(Font)                  U/euf/m/n --> U/euf/b/n on input line 106.
))
(/usr/share/texlive/texmf-dist/tex/latex/caption/caption.sty
Package: caption 2023/08/05 v3.6o Customizing captions (AR)

(/usr/share/texlive/texmf-dist/tex/latex/caption/caption3.sty
Package: caption3 2023/07/31 v2.4d caption3 kernel (AR)
\caption@tempdima=\dimen160
\captionmargin=\dimen161
\caption@leftmargin=\dimen162
\caption@rightmargin=\dimen163
\caption@width=\dimen164
\caption@indent=\dimen165
\caption@parindent=\dimen166
\caption@hangindent=\dimen167
Package caption Info: Standard document class detected.
)
\c@caption@flags=\count276
\c@continuedfloat=\count277
)
(/usr/share/texlive/texmf-dist/tex/latex/caption/subcaption.sty
Package: subcaption 2023/07/28 v1.6b Sub-captions (AR)
Package caption Info: New subtype `subfigure' on input line 238.
\c@subfigure=\count278
Package caption Info: New subtype `subtable' on input line 238.
\c@subtable=\count279
)
(/usr/share/texlive/texmf-dist/tex/latex/xcolor/xcolor.sty
Package: xcolor 2023/11/15 v3.01 LaTeX color extensions (UK)

(/usr/share/texlive/texmf-dist/tex/latex/graphics-cfg/color.cfg
File: color.cfg 2016/01/02 v1.6 sample color configuration
)
Package xcolor Info: Driver file: pdftex.def on input line 274.

(/usr/share/texlive/texmf-dist/tex/latex/graphics/mathcolor.ltx)
Package xcolor Info: Model `cmy' substituted by `cmy0' on input line 1350.
Package xcolor Info: Model `hsb' substituted by `rgb' on input line 1354.
Package xcolor Info: Model `RGB' extended on input line 1366.
Package xcolor Info: Model `HTML' substituted by `rgb' on input line 1368.
Package xcolor Info: Model `Hsb' substituted by `hsb' on input line 1369.
Package xcolor Info: Model `tHsb' substituted by `hsb' on input line 1370.
Package xcolor Info: Model `HSB' substituted by `hsb' on input line 1371.
Package xcolor Info: Model `Gray' substituted by `gray' on input line 1372.
Package xcolor Info: Model `wave' substituted by `hsb' on input line 1373.
)
(/usr/share/texlive/texmf-dist/tex/latex/titlesec/titlesec.sty
Package: titlesec 2023/10/27 v2.16 Sectioning titles
\ttl@box=\box53
\beforetitleunit=\skip53
\aftertitleunit=\skip54
\ttl@plus=\dimen168
\ttl@minus=\dimen169
\ttl@toksa=\toks24
\titlewidth=\dimen170
\titlewidthlast=\dimen171
\titlewidthfirst=\dimen172
)
(/usr/share/texlive/texmf-dist/tex/latex/parskip/parskip.sty
Package: parskip 2021-03-14 v2.0h non-zero parskip adjustments

(/usr/share/texlive/texmf-dist/tex/latex/kvoptions/kvoptions.sty
Package: kvoptions 2022-06-15 v3.15 Key value format for package options (HO)

(/usr/share/texlive/texmf-dist/tex/generic/ltxcmds/ltxcmds.sty
Package: ltxcmds 2023-12-04 v1.26 LaTeX kernel commands for general use (HO)
)
(/usr/share/texlive/texmf-dist/tex/latex/kvsetkeys/kvsetkeys.sty
Package: kvsetkeys 2022-10-05 v1.19 Key value parser (HO)
))
(/usr/share/texlive/texmf-dist/tex/latex/etoolbox/etoolbox.sty
Package: etoolbox 2020/10/05 v2.5k e-TeX tools for LaTeX (JAW)
\etb@tempcnta=\count280
))
(/usr/share/texlive/texmf-dist/tex/latex/microtype/microtype.sty
Package: microtype 2023/03/13 v3.1a Micro-typographical refinements (RS)
\MT@toks=\toks25
\MT@tempbox=\box54
\MT@count=\count281
LaTeX Info: Redefining \noprotrusionifhmode on input line 1059.
LaTeX Info: Redefining \leftprotrusion on input line 1060.
\MT@prot@toks=\toks26
LaTeX Info: Redefining \rightprotrusion on input line 1078.
LaTeX Info: Redefining \textls on input line 1368.
\MT@outer@kern=\dimen173
LaTeX Info: Redefining \textmicrotypecontext on input line 1988.
\MT@listname@count=\count282

(/usr/share/texlive/texmf-dist/tex/latex/microtype/microtype-pdftex.def
File: microtype-pdftex.def 2023/03/13 v3.1a Definitions specific to pdftex (RS)

LaTeX Info: Redefining \lsstyle on input line 902.
LaTeX Info: Redefining \lslig on input line 902.
\MT@outer@space=\skip55
)
Package microtype Info: Loading configuration file microtype.cfg.

(/usr/share/texlive/texmf-dist/tex/latex/microtype/microtype.cfg
File: microtype.cfg 2023/03/13 v3.1a microtype main configuration file (RS)
))
(/usr/share/texlive/texmf-dist/tex/latex/hyperref/hyperref.sty
Package: hyperref 2024-01-20 v7.01h Hypertext links for LaTeX

(/usr/share/texlive/texmf-dist/tex/generic/kvdefinekeys/kvdefinekeys.sty
Package: kvdefinekeys 2019-12-19 v1.6 Define keys (HO)
)
(/usr/share/texlive/texmf-dist/tex/generic/pdfescape/pdfescape.sty
Package: pdfescape 2019/12/09 v1.15 Implements pdfTeX's escape features (HO)

(/usr/share/texlive/texmf-dist/tex/generic/pdftexcmds/pdftexcmds.sty
Package: pdftexcmds 2020-06-27 v0.33 Utility functions of pdfTeX for LuaTeX (HO
)

(/usr/share/texlive/texmf-dist/tex/generic/infwarerr/infwarerr.sty
Package: infwarerr 2019/12/03 v1.5 Providing info/warning/error messages (HO)
)
Package pdftexcmds Info: \pdf@primitive is available.
Package pdftexcmds Info: \pdf@ifprimitive is available.
Package pdftexcmds Info: \pdfdraftmode found.
))
(/usr/share/texlive/texmf-dist/tex/latex/hycolor/hycolor.sty
Package: hycolor 2020-01-27 v1.10 Color options for hyperref/bookmark (HO)
)
(/usr/share/texlive/texmf-dist/tex/latex/auxhook/auxhook.sty
Package: auxhook 2019-12-17 v1.6 Hooks for auxiliary files (HO)
)
(/usr/share/texlive/texmf-dist/tex/latex/hyperref/nameref.sty
Package: nameref 2023-11-26 v2.56 Cross-referencing by name of section

(/usr/share/texlive/texmf-dist/tex/latex/refcount/refcount.sty
Package: refcount 2019/12/15 v3.6 Data extraction from label references (HO)
)
(/usr/share/texlive/texmf-dist/tex/generic/gettitlestring/gettitlestring.sty
Package: gettitlestring 2019/12/15 v1.6 Cleanup title references (HO)
)
\c@section@level=\count283
)
\@linkdim=\dimen174
\Hy@linkcounter=\count284
\Hy@pagecounter=\count285

(/usr/share/texlive/texmf-dist/tex/latex/hyperref/pd1enc.def
File: pd1enc.def 2024-01-20 v7.01h Hyperref: PDFDocEncoding definition (HO)
Now handling font encoding PD1 ...
... no UTF-8 mapping file for font encoding PD1
)
(/usr/share/texlive/texmf-dist/tex/generic/intcalc/intcalc.sty
Package: intcalc 2019/12/15 v1.3 Expandable calculations with integers (HO)
)
\Hy@SavedSpaceFactor=\count286

(/usr/share/texlive/texmf-dist/tex/latex/hyperref/puenc.def
File: puenc.def 2024-01-20 v7.01h Hyperref: PDF Unicode definition (HO)
Now handling font encoding PU ...
... no UTF-8 mapping file for font encoding PU
)
Package hyperref Info: Hyper figures OFF on input line 4179.
Package hyperref Info: Link nesting OFF on input line 4184.
Package hyperref Info: Hyper index ON on input line 4187.
Package hyperref Info: Plain pages OFF on input line 4194.
Package hyperref Info: Backreferencing OFF on input line 4199.
Package hyperref Info: Implicit mode ON; LaTeX internals redefined.
Package hyperref Info: Bookmarks ON on input line 4446.
\c@Hy@tempcnt=\count287

(/usr/share/texlive/texmf-dist/tex/latex/url/url.sty
\Urlmuskip=\muskip17
Package: url 2013/09/16  ver 3.4  Verb mode for urls, etc.
)
LaTeX Info: Redefining \url on input line 4784.
\XeTeXLinkMargin=\dimen175

(/usr/share/texlive/texmf-dist/tex/generic/bitset/bitset.sty
Package: bitset 2019/12/09 v1.3 Handle bit-vector datatype (HO)

(/usr/share/texlive/texmf-dist/tex/generic/bigintcalc/bigintcalc.sty
Package: bigintcalc 2019/12/15 v1.5 Expandable calculations on big integers (HO
)
))
\Fld@menulength=\count288
\Field@Width=\dimen176
\Fld@charsize=\dimen177
Package hyperref Info: Hyper figures OFF on input line 6063.
Package hyperref Info: Link nesting OFF on input line 6068.
Package hyperref Info: Hyper index ON on input line 6071.
Package hyperref Info: backreferencing OFF on input line 6078.
Package hyperref Info: Link coloring OFF on input line 6083.
Package hyperref Info: Link coloring with OCG OFF on input line 6088.
Package hyperref Info: PDF/A mode OFF on input line 6093.

(/usr/share/texlive/texmf-dist/tex/latex/base/atbegshi-ltx.sty
Package: atbegshi-ltx 2021/01/10 v1.0c Emulation of the original atbegshi
package with kernel methods
)
\Hy@abspage=\count289
\c@Item=\count290
\c@Hfootnote=\count291
)
Package hyperref Info: Driver (autodetected): hpdftex.

(/usr/share/texlive/texmf-dist/tex/latex/hyperref/hpdftex.def
File: hpdftex.def 2024-01-20 v7.01h Hyperref driver for pdfTeX

(/usr/share/texlive/texmf-dist/tex/latex/base/atveryend-ltx.sty
Package: atveryend-ltx 2020/08/19 v1.0a Emulation of the original atveryend pac
kage
with kernel methods
)
\Fld@listcount=\count292
\c@bookmark@seq@number=\count293

(/usr/share/texlive/texmf-dist/tex/latex/rerunfilecheck/rerunfilecheck.sty
Package: rerunfilecheck 2022-07-10 v1.10 Rerun checks for auxiliary files (HO)

(/usr/share/texlive/texmf-dist/tex/generic/uniquecounter/uniquecounter.sty
Package: uniquecounter 2019/12/15 v1.4 Provide unlimited unique counter (HO)
)
Package uniquecounter Info: New unique counter `rerunfilecheck' on input line 2
85.
)
\Hy@SectionHShift=\skip56
)
(/usr/share/texlive/texmf-dist/tex/latex/tcolorbox/tcolorbox.sty
Package: tcolorbox 2024/01/10 version 6.2.0 text color boxes

(/usr/share/texlive/texmf-dist/tex/latex/pgf/basiclayer/pgf.sty
(/usr/share/texlive/texmf-dist/tex/latex/pgf/utilities/pgfrcs.sty
(/usr/share/texlive/texmf-dist/tex/generic/pgf/utilities/pgfutil-common.tex
\pgfutil@everybye=\toks27
\pgfutil@tempdima=\dimen178
\pgfutil@tempdimb=\dimen179
)
(/usr/share/texlive/texmf-dist/tex/generic/pgf/utilities/pgfutil-latex.def
\pgfutil@abb=\box55
)
(/usr/share/texlive/texmf-dist/tex/generic/pgf/utilities/pgfrcs.code.tex
(/usr/share/texlive/texmf-dist/tex/generic/pgf/pgf.revision.tex)
Package: pgfrcs 2023-01-15 v3.1.10 (3.1.10)
))
Package: pgf 2023-01-15 v3.1.10 (3.1.10)

(/usr/share/texlive/texmf-dist/tex/latex/pgf/basiclayer/pgfcore.sty
(/usr/share/texlive/texmf-dist/tex/latex/pgf/systemlayer/pgfsys.sty
(/usr/share/texlive/texmf-dist/tex/generic/pgf/systemlayer/pgfsys.code.tex
Package: pgfsys 2023-01-15 v3.1.10 (3.1.10)

(/usr/share/texlive/texmf-dist/tex/generic/pgf/utilities/pgfkeys.code.tex
\pgfkeys@pathtoks=\toks28
\pgfkeys@temptoks=\toks29

(/usr/share/texlive/texmf-dist/tex/generic/pgf/utilities/pgfkeyslibraryfiltered
.code.tex
\pgfkeys@tmptoks=\toks30
))
\pgf@x=\dimen180
\pgf@y=\dimen181
\pgf@xa=\dimen182
\pgf@ya=\dimen183
\pgf@xb=\dimen184
\pgf@yb=\dimen185
\pgf@xc=\dimen186
\pgf@yc=\dimen187
\pgf@xd=\dimen188
\pgf@yd=\dimen189
\w@pgf@writea=\write3
\r@pgf@reada=\read2
\c@pgf@counta=\count294
\c@pgf@countb=\count295
\c@pgf@countc=\count296
\c@pgf@countd=\count297
\t@pgf@toka=\toks31
\t@pgf@tokb=\toks32
\t@pgf@tokc=\toks33
\pgf@sys@id@count=\count298
 (/usr/share/texlive/texmf-dist/tex/generic/pgf/systemlayer/pgf.cfg
File: pgf.cfg 2023-01-15 v3.1.10 (3.1.10)
)
Driver file for pgf: pgfsys-pdftex.def
(/usr/share/texlive/texmf-dist/tex/generic/pgf/systemlayer/pgfsys-pdftex.def
File: pgfsys-pdftex.def 2023-01-15 v3.1.10 (3.1.10)

(/usr/share/texlive/texmf-dist/tex/generic/pgf/systemlayer/pgfsys-common-pdf.de
f
File: pgfsys-common-pdf.def 2023-01-15 v3.1.10 (3.1.10)
)))
(/usr/share/texlive/texmf-dist/tex/generic/pgf/systemlayer/pgfsyssoftpath.code.
tex
File: pgfsyssoftpath.code.tex 2023-01-15 v3.1.10 (3.1.10)
\pgfsyssoftpath@smallbuffer@items=\count299
\pgfsyssoftpath@bigbuffer@items=\count300
)
(/usr/share/texlive/texmf-dist/tex/generic/pgf/systemlayer/pgfsysprotocol.code.
tex
File: pgfsysprotocol.code.tex 2023-01-15 v3.1.10 (3.1.10)
))
(/usr/share/texlive/texmf-dist/tex/generic/pgf/basiclayer/pgfcore.code.tex
Package: pgfcore 2023-01-15 v3.1.10 (3.1.10)

(/usr/share/texlive/texmf-dist/tex/generic/pgf/math/pgfmath.code.tex
(/usr/share/texlive/texmf-dist/tex/generic/pgf/math/pgfmathutil.code.tex)
(/usr/share/texlive/texmf-dist/tex/generic/pgf/math/pgfmathparser.code.tex
\pgfmath@dimen=\dimen190
\pgfmath@count=\count301
\pgfmath@box=\box56
\pgfmath@toks=\toks34
\pgfmath@stack@operand=\toks35
\pgfmath@stack@operation=\toks36
)
(/usr/share/texlive/texmf-dist/tex/generic/pgf/math/pgfmathfunctions.code.tex)
(/usr/share/texlive/texmf-dist/tex/generic/pgf/math/pgfmathfunctions.basic.code
.tex)
(/usr/share/texlive/texmf-dist/tex/generic/pgf/math/pgfmathfunctions.trigonomet
ric.code.tex)
(/usr/share/texlive/texmf-dist/tex/generic/pgf/math/pgfmathfunctions.random.cod
e.tex)
(/usr/share/texlive/texmf-dist/tex/generic/pgf/math/pgfmathfunctions.comparison
.code.tex)
(/usr/share/texlive/texmf-dist/tex/generic/pgf/math/pgfmathfunctions.base.code.
tex)
(/usr/share/texlive/texmf-dist/tex/generic/pgf/math/pgfmathfunctions.round.code
.tex)
(/usr/share/texlive/texmf-dist/tex/generic/pgf/math/pgfmathfunctions.misc.code.
tex)
(/usr/share/texlive/texmf-dist/tex/generic/pgf/math/pgfmathfunctions.integerari
thmetics.code.tex)
(/usr/share/texlive/texmf-dist/tex/generic/pgf/math/pgfmathcalc.code.tex)
(/usr/share/texlive/texmf-dist/tex/generic/pgf/math/pgfmathfloat.code.tex
\c@pgfmathroundto@lastzeros=\count302
))
(/usr/share/texlive/texmf-dist/tex/generic/pgf/math/pgfint.code.tex)
(/usr/share/texlive/texmf-dist/tex/generic/pgf/basiclayer/pgfcorepoints.code.te
x
File: pgfcorepoints.code.tex 2023-01-15 v3.1.10 (3.1.10)
\pgf@picminx=\dimen191
\pgf@picmaxx=\dimen192
\pgf@picminy=\dimen193
\pgf@picmaxy=\dimen194
\pgf@pathminx=\dimen195
\pgf@pathmaxx=\dimen196
\pgf@pathminy=\dimen197
\pgf@pathmaxy=\dimen198
\pgf@xx=\dimen199
\pgf@xy=\dimen256
\pgf@yx=\dimen257
\pgf@yy=\dimen258
\pgf@zx=\dimen259
\pgf@zy=\dimen260
)
(/usr/share/texlive/texmf-dist/tex/generic/pgf/basiclayer/pgfcorepathconstruct.
code.tex
File: pgfcorepathconstruct.code.tex 2023-01-15 v3.1.10 (3.1.10)
\pgf@path@lastx=\dimen261
\pgf@path@lasty=\dimen262
)
(/usr/share/texlive/texmf-dist/tex/generic/pgf/basiclayer/pgfcorepathusage.code
.tex
File: pgfcorepathusage.code.tex 2023-01-15 v3.1.10 (3.1.10)
\pgf@shorten@end@additional=\dimen263
\pgf@shorten@start@additional=\dimen264
)
(/usr/share/texlive/texmf-dist/tex/generic/pgf/basiclayer/pgfcorescopes.code.te
x
File: pgfcorescopes.code.tex 2023-01-15 v3.1.10 (3.1.10)
\pgfpic=\box57
\pgf@hbox=\box58
\pgf@layerbox@main=\box59
\pgf@picture@serial@count=\count303
)
(/usr/share/texlive/texmf-dist/tex/generic/pgf/basiclayer/pgfcoregraphicstate.c
ode.tex
File: pgfcoregraphicstate.code.tex 2023-01-15 v3.1.10 (3.1.10)
\pgflinewidth=\dimen265
)
(/usr/share/texlive/texmf-dist/tex/generic/pgf/basiclayer/pgfcoretransformation
s.code.tex
File: pgfcoretransformations.code.tex 2023-01-15 v3.1.10 (3.1.10)
\pgf@pt@x=\dimen266
\pgf@pt@y=\dimen267
\pgf@pt@temp=\dimen268
)
(/usr/share/texlive/texmf-dist/tex/generic/pgf/basiclayer/pgfcorequick.code.tex
File: pgfcorequick.code.tex 2023-01-15 v3.1.10 (3.1.10)
)
(/usr/share/texlive/texmf-dist/tex/generic/pgf/basiclayer/pgfcoreobjects.code.t
ex
File: pgfcoreobjects.code.tex 2023-01-15 v3.1.10 (3.1.10)
)
(/usr/share/texlive/texmf-dist/tex/generic/pgf/basiclayer/pgfcorepathprocessing
.code.tex
File: pgfcorepathprocessing.code.tex 2023-01-15 v3.1.10 (3.1.10)
)
(/usr/share/texlive/texmf-dist/tex/generic/pgf/basiclayer/pgfcorearrows.code.te
x
File: pgfcorearrows.code.tex 2023-01-15 v3.1.10 (3.1.10)
\pgfarrowsep=\dimen269
)
(/usr/share/texlive/texmf-dist/tex/generic/pgf/basiclayer/pgfcoreshade.code.tex
File: pgfcoreshade.code.tex 2023-01-15 v3.1.10 (3.1.10)
\pgf@max=\dimen270
\pgf@sys@shading@range@num=\count304
\pgf@shadingcount=\count305
)
(/usr/share/texlive/texmf-dist/tex/generic/pgf/basiclayer/pgfcoreimage.code.tex
File: pgfcoreimage.code.tex 2023-01-15 v3.1.10 (3.1.10)
)
(/usr/share/texlive/texmf-dist/tex/generic/pgf/basiclayer/pgfcoreexternal.code.
tex
File: pgfcoreexternal.code.tex 2023-01-15 v3.1.10 (3.1.10)
\pgfexternal@startupbox=\box60
)
(/usr/share/texlive/texmf-dist/tex/generic/pgf/basiclayer/pgfcorelayers.code.te
x
File: pgfcorelayers.code.tex 2023-01-15 v3.1.10 (3.1.10)
)
(/usr/share/texlive/texmf-dist/tex/generic/pgf/basiclayer/pgfcoretransparency.c
ode.tex
File: pgfcoretransparency.code.tex 2023-01-15 v3.1.10 (3.1.10)
)
(/usr/share/texlive/texmf-dist/tex/generic/pgf/basiclayer/pgfcorepatterns.code.
tex
File: pgfcorepatterns.code.tex 2023-01-15 v3.1.10 (3.1.10)
)
(/usr/share/texlive/texmf-dist/tex/generic/pgf/basiclayer/pgfcorerdf.code.tex
File: pgfcorerdf.code.tex 2023-01-15 v3.1.10 (3.1.10)
)))
(/usr/share/texlive/texmf-dist/tex/generic/pgf/modules/pgfmoduleshapes.code.tex
File: pgfmoduleshapes.code.tex 2023-01-15 v3.1.10 (3.1.10)
\pgfnodeparttextbox=\box61
) (/usr/share/texlive/texmf-dist/tex/generic/pgf/modules/pgfmoduleplot.code.tex
File: pgfmoduleplot.code.tex 2023-01-15 v3.1.10 (3.1.10)
)
(/usr/share/texlive/texmf-dist/tex/latex/pgf/compatibility/pgfcomp-version-0-65
.sty
Package: pgfcomp-version-0-65 2023-01-15 v3.1.10 (3.1.10)
\pgf@nodesepstart=\dimen271
\pgf@nodesepend=\dimen272
)
(/usr/share/texlive/texmf-dist/tex/latex/pgf/compatibility/pgfcomp-version-1-18
.sty
Package: pgfcomp-version-1-18 2023-01-15 v3.1.10 (3.1.10)
)) (/usr/share/texlive/texmf-dist/tex/latex/tools/verbatim.sty
Package: verbatim 2023-11-06 v1.5v LaTeX2e package for verbatim enhancements
\every@verbatim=\toks37
\verbatim@line=\toks38
\verbatim@in@stream=\read3
)
(/usr/share/texlive/texmf-dist/tex/latex/environ/environ.sty
Package: environ 2014/05/04 v0.3 A new way to define environments

(/usr/share/texlive/texmf-dist/tex/latex/trimspaces/trimspaces.sty
Package: trimspaces 2009/09/17 v1.1 Trim spaces around a token list
))
\tcb@titlebox=\box62
\tcb@upperbox=\box63
\tcb@lowerbox=\box64
\tcb@phantombox=\box65
\c@tcbbreakpart=\count306
\c@tcblayer=\count307
\c@tcolorbox@number=\count308
\l__tcobox_tmpa_box=\box66
\l__tcobox_tmpa_dim=\dimen273
\tcb@temp=\box67
\tcb@temp=\box68
\tcb@temp=\box69
\tcb@temp=\box70
)
(/usr/share/texlive/texmf-dist/tex/latex/float/float.sty
Package: float 2001/11/08 v1.3d Float enhancements (AL)
\c@float@type=\count309
\float@exts=\toks39
\float@box=\box71
\@float@everytoks=\toks40
\@floatcapt=\box72
)
(/usr/share/texlive/texmf-dist/tex/latex/booktabs/booktabs.sty
Package: booktabs 2020/01/12 v1.61803398 Publication quality tables
\heavyrulewidth=\dimen274
\lightrulewidth=\dimen275
\cmidrulewidth=\dimen276
\belowrulesep=\dimen277
\belowbottomsep=\dimen278
\aboverulesep=\dimen279
\abovetopsep=\dimen280
\cmidrulesep=\dimen281
\cmidrulekern=\dimen282
\defaultaddspace=\dimen283
\@cmidla=\count310
\@cmidlb=\count311
\@aboverulesep=\dimen284
\@belowrulesep=\dimen285
\@thisruleclass=\count312
\@lastruleclass=\count313
\@thisrulewidth=\dimen286
)
(/usr/share/texlive/texmf-dist/tex/latex/l3backend/l3backend-pdftex.def
File: l3backend-pdftex.def 2024-01-04 L3 backend support: PDF output (pdfTeX)
\l__color_backend_stack_int=\count314
\l__pdf_internal_box=\box73
)
(./report_rfem_comparison.aux)
\openout1 = `report_rfem_comparison.aux'.

LaTeX Font Info:    Checking defaults for OML/cmm/m/it on input line 45.
LaTeX Font Info:    ... okay on input line 45.
LaTeX Font Info:    Checking defaults for OMS/cmsy/m/n on input line 45.
LaTeX Font Info:    ... okay on input line 45.
LaTeX Font Info:    Checking defaults for OT1/cmr/m/n on input line 45.
LaTeX Font Info:    ... okay on input line 45.
LaTeX Font Info:    Checking defaults for T1/cmr/m/n on input line 45.
LaTeX Font Info:    ... okay on input line 45.
LaTeX Font Info:    Checking defaults for TS1/cmr/m/n on input line 45.
LaTeX Font Info:    ... okay on input line 45.
LaTeX Font Info:    Checking defaults for OMX/cmex/m/n on input line 45.
LaTeX Font Info:    ... okay on input line 45.
LaTeX Font Info:    Checking defaults for U/cmr/m/n on input line 45.
LaTeX Font Info:    ... okay on input line 45.
LaTeX Font Info:    Checking defaults for PD1/pdf/m/n on input line 45.
LaTeX Font Info:    ... okay on input line 45.
LaTeX Font Info:    Checking defaults for PU/pdf/m/n on input line 45.
LaTeX Font Info:    ... okay on input line 45.

*geometry* driver: auto-detecting
*geometry* detected driver: pdftex
*geometry* verbose mode - [ preamble ] result:
* driver: pdftex
* paper: a4paper
* layout: <same size as paper>
* layoutoffset:(h,v)=(0.0pt,0.0pt)
* modes: 
* h-part:(L,W,R)=(51.21504pt, 495.07779pt, 51.21504pt)
* v-part:(T,H,B)=(51.21504pt, 742.61676pt, 51.21504pt)
* \paperwidth=597.50787pt
* \paperheight=845.04684pt
* \textwidth=495.07779pt
* \textheight=742.61676pt
* \oddsidemargin=-21.05495pt
* \evensidemargin=-21.05495pt
* \topmargin=-58.05495pt
* \headheight=12.0pt
* \headsep=25.0pt
* \topskip=11.0pt
* \footskip=30.0pt
* \marginparwidth=50.0pt
* \marginparsep=10.0pt
* \columnsep=10.0pt
* \skip\footins=10.0pt plus 4.0pt minus 2.0pt
* \hoffset=0.0pt
* \voffset=0.0pt
* \mag=1000
* \@twocolumnfalse
* \@twosidefalse
* \@mparswitchfalse
* \@reversemarginfalse
* (1in=72.27pt=25.4mm, 1cm=28.453pt)

(/usr/share/texlive/texmf-dist/tex/context/base/mkii/supp-pdf.mkii
[Loading MPS to PDF converter (version 2006.09.02).]
\scratchcounter=\count315
\scratchdimen=\dimen287
\scratchbox=\box74
\nofMPsegments=\count316
\nofMParguments=\count317
\everyMPshowfont=\toks41
\MPscratchCnt=\count318
\MPscratchDim=\dimen288
\MPnumerator=\count319
\makeMPintoPDFobject=\count320
\everyMPtoPDFconversion=\toks42
) (/usr/share/texlive/texmf-dist/tex/latex/epstopdf-pkg/epstopdf-base.sty
Package: epstopdf-base 2020-01-24 v2.11 Base part for package epstopdf
Package epstopdf-base Info: Redefining graphics rule for `.eps' on input line 4
85.

(/usr/share/texlive/texmf-dist/tex/latex/latexconfig/epstopdf-sys.cfg
File: epstopdf-sys.cfg 2010/07/13 v1.3 Configuration of (r)epstopdf for TeX Liv
e
))
Package caption Info: Begin \AtBeginDocument code.
Package caption Info: float package is loaded.
Package caption Info: hyperref package is loaded.
Package caption Info: End \AtBeginDocument code.
LaTeX Info: Redefining \microtypecontext on input line 45.
Package microtype Info: Applying patch `item' on input line 45.
Package microtype Info: Applying patch `toc' on input line 45.
Package microtype Info: Applying patch `eqnum' on input line 45.
Package microtype Info: Applying patch `footnote' on input line 45.
Package microtype Info: Applying patch `verbatim' on input line 45.
Package microtype Info: Generating PDF output.
Package microtype Info: Character protrusion enabled (level 2).
Package microtype Info: Using default protrusion set `alltext'.
Package microtype Info: Automatic font expansion enabled (level 2),
(microtype)             stretch: 20, shrink: 20, step: 1, non-selected.
Package microtype Info: Using default expansion set `alltext-nott'.
LaTeX Info: Redefining \showhyphens on input line 45.
Package microtype Info: No adjustment of tracking.
Package microtype Info: No adjustment of interword spacing.
Package microtype Info: No adjustment of character kerning.

(/usr/share/texlive/texmf-dist/tex/latex/microtype/mt-cmr.cfg
File: mt-cmr.cfg 2013/05/19 v2.2 microtype config. file: Computer Modern Roman 
(RS)
)
Package hyperref Info: Link coloring OFF on input line 45.

(./report_rfem_comparison.out) (./report_rfem_comparison.out)
\@outlinefile=\write4
\openout4 = `report_rfem_comparison.out'.

LaTeX Font Info:    Trying to load font information for U+msa on input line 62.


(/usr/share/texlive/texmf-dist/tex/latex/amsfonts/umsa.fd
File: umsa.fd 2013/01/14 v3.01 AMS symbols A
)
(/usr/share/texlive/texmf-dist/tex/latex/microtype/mt-msa.cfg
File: mt-msa.cfg 2006/02/04 v1.1 microtype config. file: AMS symbols (a) (RS)
)
LaTeX Font Info:    Trying to load font information for U+msb on input line 62.


(/usr/share/texlive/texmf-dist/tex/latex/amsfonts/umsb.fd
File: umsb.fd 2013/01/14 v3.01 AMS symbols B
)
(/usr/share/texlive/texmf-dist/tex/latex/microtype/mt-msb.cfg
File: mt-msb.cfg 2005/06/01 v1.0 microtype config. file: AMS symbols (b) (RS)
)
Package microtype Info: Loading generic protrusion settings for font family
(microtype)             `cmtt' (encoding: OT1).
(microtype)             For optimal results, create family-specific settings.
(microtype)             See the microtype manual for details.
 [1

{/var/lib/texmf/fonts/map/pdftex/updmap/pdftex.map}]
<figs_pdf/S1/S1_M1_vanilla_matrix.pdf, id=34, 750.57507pt x 608.07726pt>
File: figs_pdf/S1/S1_M1_vanilla_matrix.pdf Graphic file (type pdf)
<use figs_pdf/S1/S1_M1_vanilla_matrix.pdf>
Package pdftex.def Info: figs_pdf/S1/S1_M1_vanilla_matrix.pdf  used on input li
ne 110.
(pdftex.def)             Requested size: 237.63522pt x 192.51959pt.
<figs_pdf/S1/S1_M1_vanilla_cls_bar.pdf, id=35, 941.35815pt x 427.86427pt>
File: figs_pdf/S1/S1_M1_vanilla_cls_bar.pdf Graphic file (type pdf)
<use figs_pdf/S1/S1_M1_vanilla_cls_bar.pdf>
Package pdftex.def Info: figs_pdf/S1/S1_M1_vanilla_cls_bar.pdf  used on input l
ine 114.
(pdftex.def)             Requested size: 237.63522pt x 108.01039pt.
<figs_pdf/S1/S1_M2_rollout_cls_bar.pdf, id=36, 941.35313pt x 427.86427pt>
File: figs_pdf/S1/S1_M2_rollout_cls_bar.pdf Graphic file (type pdf)
<use figs_pdf/S1/S1_M2_rollout_cls_bar.pdf>
Package pdftex.def Info: figs_pdf/S1/S1_M2_rollout_cls_bar.pdf  used on input l
ine 122.
(pdftex.def)             Requested size: 495.07779pt x 225.02382pt.
<figs_pdf/S1/S1_M3_step1_head01_matrix.pdf, id=37, 751.73653pt x 608.21907pt>
File: figs_pdf/S1/S1_M3_step1_head01_matrix.pdf Graphic file (type pdf)
<use figs_pdf/S1/S1_M3_step1_head01_matrix.pdf>
Package pdftex.def Info: figs_pdf/S1/S1_M3_step1_head01_matrix.pdf  used on inp
ut line 132.
(pdftex.def)             Requested size: 237.63522pt x 192.25822pt.
<figs_pdf/S1/S1_M3_step1_head12_matrix.pdf, id=38, 750.59315pt x 608.21907pt>
File: figs_pdf/S1/S1_M3_step1_head12_matrix.pdf Graphic file (type pdf)
<use figs_pdf/S1/S1_M3_step1_head12_matrix.pdf>
Package pdftex.def Info: figs_pdf/S1/S1_M3_step1_head12_matrix.pdf  used on inp
ut line 136.
(pdftex.def)             Requested size: 237.63522pt x 192.5552pt.
 [2

 <./figs_pdf/S1/S1_M1_vanilla_matrix.pdf> <./figs_pdf/S1/S1_M1_vanilla_cls_bar.
pdf> <./figs_pdf/S1/S1_M2_rollout_cls_bar.pdf>]
<figs_pdf/S1/S1_M3_step3_agg_weighted_K0.5.pdf, id=259, 798.95082pt x 608.25798
pt>
File: figs_pdf/S1/S1_M3_step3_agg_weighted_K0.5.pdf Graphic file (type pdf)
<use figs_pdf/S1/S1_M3_step3_agg_weighted_K0.5.pdf>
Package pdftex.def Info: figs_pdf/S1/S1_M3_step3_agg_weighted_K0.5.pdf  used on
 input line 148.
(pdftex.def)             Requested size: 237.63522pt x 180.91026pt.
<figs_bert_sink_aware/S1/S1_M3_step3_agg_weighted_K0.5.pdf, id=260, 784.3775pt 
x 608.25798pt>
File: figs_bert_sink_aware/S1/S1_M3_step3_agg_weighted_K0.5.pdf Graphic file (t
ype pdf)
<use figs_bert_sink_aware/S1/S1_M3_step3_agg_weighted_K0.5.pdf>
Package pdftex.def Info: figs_bert_sink_aware/S1/S1_M3_step3_agg_weighted_K0.5.
pdf  used on input line 152.
(pdftex.def)             Requested size: 237.63522pt x 184.27008pt.
<figs_pdf/S1/S1_M4_rfem_filtered_cls_bar_K0.0.pdf, id=261, 786.23987pt x 427.86
427pt>
File: figs_pdf/S1/S1_M4_rfem_filtered_cls_bar_K0.0.pdf Graphic file (type pdf)
<use figs_pdf/S1/S1_M4_rfem_filtered_cls_bar_K0.0.pdf>
Package pdftex.def Info: figs_pdf/S1/S1_M4_rfem_filtered_cls_bar_K0.0.pdf  used
 on input line 164.
(pdftex.def)             Requested size: 116.34358pt x 63.30855pt.
<figs_pdf/S1/S1_M4_rfem_filtered_cls_bar_K0.3.pdf, id=262, 765.16364pt x 427.86
427pt>
File: figs_pdf/S1/S1_M4_rfem_filtered_cls_bar_K0.3.pdf Graphic file (type pdf)
<use figs_pdf/S1/S1_M4_rfem_filtered_cls_bar_K0.3.pdf>
Package pdftex.def Info: figs_pdf/S1/S1_M4_rfem_filtered_cls_bar_K0.3.pdf  used
 on input line 168.
(pdftex.def)             Requested size: 116.34358pt x 65.05171pt.
<figs_pdf/S1/S1_M4_rfem_filtered_cls_bar_K0.5.pdf, id=263, 765.16364pt x 427.86
427pt>
File: figs_pdf/S1/S1_M4_rfem_filtered_cls_bar_K0.5.pdf Graphic file (type pdf)
<use figs_pdf/S1/S1_M4_rfem_filtered_cls_bar_K0.5.pdf>
Package pdftex.def Info: figs_pdf/S1/S1_M4_rfem_filtered_cls_bar_K0.5.pdf  used
 on input line 172.
(pdftex.def)             Requested size: 116.34358pt x 65.05171pt.
<figs_pdf/S1/S1_M4_rfem_filtered_cls_bar_K1.0.pdf, id=264, 765.16364pt x 427.86
427pt>
File: figs_pdf/S1/S1_M4_rfem_filtered_cls_bar_K1.0.pdf Graphic file (type pdf)
<use figs_pdf/S1/S1_M4_rfem_filtered_cls_bar_K1.0.pdf>
Package pdftex.def Info: figs_pdf/S1/S1_M4_rfem_filtered_cls_bar_K1.0.pdf  used
 on input line 176.
(pdftex.def)             Requested size: 116.34358pt x 65.05171pt.
 [3 <./figs_pdf/S1/S1_M3_step1_head01_matrix.pdf> <./figs_pdf/S1/S1_M3_step1_he
ad12_matrix.pdf> <./figs_pdf/S1/S1_M3_step3_agg_weighted_K0.5.pdf> <./figs_bert
_sink_aware/S1/S1_M3_step3_agg_weighted_K0.5.pdf>]
<figs_bert_sink_aware/S1/S1_M3_step4_K_sweep_importance.pdf, id=599, 2559.78648
pt x 734.85454pt>
File: figs_bert_sink_aware/S1/S1_M3_step4_K_sweep_importance.pdf Graphic file (
type pdf)
<use figs_bert_sink_aware/S1/S1_M3_step4_K_sweep_importance.pdf>
Package pdftex.def Info: figs_bert_sink_aware/S1/S1_M3_step4_K_sweep_importance
.pdf  used on input line 187.
(pdftex.def)             Requested size: 495.07779pt x 142.1243pt.
 [4 <./figs_pdf/S1/S1_M4_rfem_filtered_cls_bar_K0.0.pdf> <./figs_pdf/S1/S1_M4_r
fem_filtered_cls_bar_K0.3.pdf> <./figs_pdf/S1/S1_M4_rfem_filtered_cls_bar_K0.5.
pdf> <./figs_pdf/S1/S1_M4_rfem_filtered_cls_bar_K1.0.pdf> <./figs_bert_sink_awa
re/S1/S1_M3_step4_K_sweep_importance.pdf>]
<figs_clip_text_sink_aware/S1/S1_M1_vanilla_matrix.pdf, id=980, 806.87335pt x 6
08.04312pt>
File: figs_clip_text_sink_aware/S1/S1_M1_vanilla_matrix.pdf Graphic file (type 
pdf)
<use figs_clip_text_sink_aware/S1/S1_M1_vanilla_matrix.pdf>
Package pdftex.def Info: figs_clip_text_sink_aware/S1/S1_M1_vanilla_matrix.pdf 
 used on input line 201.
(pdftex.def)             Requested size: 237.63522pt x 179.07426pt.
<figs_clip_text_sink_aware/S1/S1_M1_vanilla_eos_bar.pdf, id=981, 818.49417pt x 
427.83278pt>
File: figs_clip_text_sink_aware/S1/S1_M1_vanilla_eos_bar.pdf Graphic file (type
 pdf)
<use figs_clip_text_sink_aware/S1/S1_M1_vanilla_eos_bar.pdf>
Package pdftex.def Info: figs_clip_text_sink_aware/S1/S1_M1_vanilla_eos_bar.pdf
  used on input line 205.
(pdftex.def)             Requested size: 237.63522pt x 124.21194pt.
<figs_clip_text_sink_aware/S1/S1_M2_rollout_eos_bar.pdf, id=982, 832.54666pt x 
427.83278pt>
File: figs_clip_text_sink_aware/S1/S1_M2_rollout_eos_bar.pdf Graphic file (type
 pdf)
<use figs_clip_text_sink_aware/S1/S1_M2_rollout_eos_bar.pdf>
Package pdftex.def Info: figs_clip_text_sink_aware/S1/S1_M2_rollout_eos_bar.pdf
  used on input line 213.
(pdftex.def)             Requested size: 495.07779pt x 254.41678pt.
<figs_clip_text_sink_aware/S1/S1_M3_step1_head01_matrix.pdf, id=983, 750.607pt 
x 608.18495pt>
File: figs_clip_text_sink_aware/S1/S1_M3_step1_head01_matrix.pdf Graphic file (
type pdf)
<use figs_clip_text_sink_aware/S1/S1_M3_step1_head01_matrix.pdf>
Package pdftex.def Info: figs_clip_text_sink_aware/S1/S1_M3_step1_head01_matrix
.pdf  used on input line 223.
(pdftex.def)             Requested size: 237.63522pt x 192.5444pt.
<figs_clip_text_sink_aware/S1/S1_M3_step1_head08_matrix.pdf, id=984, 750.607pt 
x 608.18495pt>
File: figs_clip_text_sink_aware/S1/S1_M3_step1_head08_matrix.pdf Graphic file (
type pdf)
<use figs_clip_text_sink_aware/S1/S1_M3_step1_head08_matrix.pdf>
Package pdftex.def Info: figs_clip_text_sink_aware/S1/S1_M3_step1_head08_matrix
.pdf  used on input line 227.
(pdftex.def)             Requested size: 237.63522pt x 192.5444pt.
 [5

 <./figs_clip_text_sink_aware/S1/S1_M1_vanilla_matrix.pdf> <./figs_clip_text_si
nk_aware/S1/S1_M1_vanilla_eos_bar.pdf> <./figs_clip_text_sink_aware/S1/S1_M2_ro
llout_eos_bar.pdf>]
<figs_pdf_clip/S1/S1_M3_step3_agg_weighted_K0.5.pdf, id=1202, 803.02678pt x 608
.22386pt>
File: figs_pdf_clip/S1/S1_M3_step3_agg_weighted_K0.5.pdf Graphic file (type pdf
)
<use figs_pdf_clip/S1/S1_M3_step3_agg_weighted_K0.5.pdf>
Package pdftex.def Info: figs_pdf_clip/S1/S1_M3_step3_agg_weighted_K0.5.pdf  us
ed on input line 239.
(pdftex.def)             Requested size: 237.63522pt x 179.98132pt.
<figs_clip_text_sink_aware/S1/S1_M3_step3_agg_weighted_K0.5.pdf, id=1203, 803.0
2678pt x 608.22386pt>
File: figs_clip_text_sink_aware/S1/S1_M3_step3_agg_weighted_K0.5.pdf Graphic fi
le (type pdf)
<use figs_clip_text_sink_aware/S1/S1_M3_step3_agg_weighted_K0.5.pdf>
Package pdftex.def Info: figs_clip_text_sink_aware/S1/S1_M3_step3_agg_weighted_
K0.5.pdf  used on input line 243.
(pdftex.def)             Requested size: 237.63522pt x 179.98132pt.
<figs_pdf_clip/S1/S1_M4_rfem_filtered_eos_bar_K0.0.pdf, id=1204, 803.00563pt x 
427.83278pt>
File: figs_pdf_clip/S1/S1_M4_rfem_filtered_eos_bar_K0.0.pdf Graphic file (type 
pdf)
<use figs_pdf_clip/S1/S1_M4_rfem_filtered_eos_bar_K0.0.pdf>
Package pdftex.def Info: figs_pdf_clip/S1/S1_M4_rfem_filtered_eos_bar_K0.0.pdf 
 used on input line 255.
(pdftex.def)             Requested size: 116.34358pt x 61.9852pt.
<figs_pdf_clip/S1/S1_M4_rfem_filtered_eos_bar_K0.3.pdf, id=1205, 803.00563pt x 
427.83278pt>
File: figs_pdf_clip/S1/S1_M4_rfem_filtered_eos_bar_K0.3.pdf Graphic file (type 
pdf)
<use figs_pdf_clip/S1/S1_M4_rfem_filtered_eos_bar_K0.3.pdf>
Package pdftex.def Info: figs_pdf_clip/S1/S1_M4_rfem_filtered_eos_bar_K0.3.pdf 
 used on input line 259.
(pdftex.def)             Requested size: 116.34358pt x 61.9852pt.
<figs_pdf_clip/S1/S1_M4_rfem_filtered_eos_bar_K0.5.pdf, id=1206, 803.00563pt x 
427.83278pt>
File: figs_pdf_clip/S1/S1_M4_rfem_filtered_eos_bar_K0.5.pdf Graphic file (type 
pdf)
<use figs_pdf_clip/S1/S1_M4_rfem_filtered_eos_bar_K0.5.pdf>
Package pdftex.def Info: figs_pdf_clip/S1/S1_M4_rfem_filtered_eos_bar_K0.5.pdf 
 used on input line 263.
(pdftex.def)             Requested size: 116.34358pt x 61.9852pt.
<figs_pdf_clip/S1/S1_M4_rfem_filtered_eos_bar_K1.0.pdf, id=1207, 803.00563pt x 
427.83278pt>
File: figs_pdf_clip/S1/S1_M4_rfem_filtered_eos_bar_K1.0.pdf Graphic file (type 
pdf)
<use figs_pdf_clip/S1/S1_M4_rfem_filtered_eos_bar_K1.0.pdf>
Package pdftex.def Info: figs_pdf_clip/S1/S1_M4_rfem_filtered_eos_bar_K1.0.pdf 
 used on input line 267.
(pdftex.def)             Requested size: 116.34358pt x 61.9852pt.
<figs_clip_text_sink_aware/S1/S1_M3_step4_K_sweep_importance.pdf, id=1208, 2559
.74188pt x 653.76761pt>
File: figs_clip_text_sink_aware/S1/S1_M3_step4_K_sweep_importance.pdf Graphic f
ile (type pdf)
<use figs_clip_text_sink_aware/S1/S1_M3_step4_K_sweep_importance.pdf>
Package pdftex.def Info: figs_clip_text_sink_aware/S1/S1_M3_step4_K_sweep_impor
tance.pdf  used on input line 278.
(pdftex.def)             Requested size: 495.07779pt x 126.44171pt.
 [6 <./figs_clip_text_sink_aware/S1/S1_M3_step1_head01_matrix.pdf> <./figs_clip
_text_sink_aware/S1/S1_M3_step1_head08_matrix.pdf> <./figs_pdf_clip/S1/S1_M3_st
ep3_agg_weighted_K0.5.pdf> <./figs_clip_text_sink_aware/S1/S1_M3_step3_agg_weig
hted_K0.5.pdf> <./figs_pdf_clip/S1/S1_M4_rfem_filtered_eos_bar_K0.0.pdf> <./fig
s_pdf_clip/S1/S1_M4_rfem_filtered_eos_bar_K0.3.pdf> <./figs_pdf_clip/S1/S1_M4_r
fem_filtered_eos_bar_K0.5.pdf> <./figs_pdf_clip/S1/S1_M4_rfem_filtered_eos_bar_
K1.0.pdf>] [7 <./figs_clip_text_sink_aware/S1/S1_M3_step4_K_sweep_importance.pd
f>]
<figs_pdf_clip_vision/I1/00_original/original.pdf, id=1893, 500.50992pt x 535.9
2346pt>
File: figs_pdf_clip_vision/I1/00_original/original.pdf Graphic file (type pdf)
<use figs_pdf_clip_vision/I1/00_original/original.pdf>
Package pdftex.def Info: figs_pdf_clip_vision/I1/00_original/original.pdf  used
 on input line 292.
(pdftex.def)             Requested size: 148.52484pt x 159.03645pt.
<figs_pdf_clip_vision/I1/01_vanilla/last_layer_overlay.pdf, id=1894, 742.45508p
t x 607.7346pt>
File: figs_pdf_clip_vision/I1/01_vanilla/last_layer_overlay.pdf Graphic file (t
ype pdf)
<use figs_pdf_clip_vision/I1/01_vanilla/last_layer_overlay.pdf>
Package pdftex.def Info: figs_pdf_clip_vision/I1/01_vanilla/last_layer_overlay.
pdf  used on input line 296.
(pdftex.def)             Requested size: 148.52484pt x 121.57259pt.
<figs_pdf_clip_vision/I1/02_rollout/overlay.pdf, id=1895, 688.45647pt x 607.734
6pt>
File: figs_pdf_clip_vision/I1/02_rollout/overlay.pdf Graphic file (type pdf)
<use figs_pdf_clip_vision/I1/02_rollout/overlay.pdf>
Package pdftex.def Info: figs_pdf_clip_vision/I1/02_rollout/overlay.pdf  used o
n input line 300.
(pdftex.def)             Requested size: 148.52484pt x 131.1055pt.
<figs_pdf_clip_vision/I1/03_rfem_step1_per_head/head01_overlay.pdf, id=1896, 69
8.68217pt x 606.86888pt>
File: figs_pdf_clip_vision/I1/03_rfem_step1_per_head/head01_overlay.pdf Graphic
 file (type pdf)
<use figs_pdf_clip_vision/I1/03_rfem_step1_per_head/head01_overlay.pdf>
Package pdftex.def Info: figs_pdf_clip_vision/I1/03_rfem_step1_per_head/head01_
overlay.pdf  used on input line 312.
(pdftex.def)             Requested size: 237.63522pt x 206.40677pt.
<figs_pdf_clip_vision/I1/03_rfem_step1_per_head/head12_overlay.pdf, id=1897, 71
8.23961pt x 606.86888pt>
File: figs_pdf_clip_vision/I1/03_rfem_step1_per_head/head12_overlay.pdf Graphic
 file (type pdf)
<use figs_pdf_clip_vision/I1/03_rfem_step1_per_head/head12_overlay.pdf>
Package pdftex.def Info: figs_pdf_clip_vision/I1/03_rfem_step1_per_head/head12_
overlay.pdf  used on input line 316.
(pdftex.def)             Requested size: 237.63522pt x 200.7859pt.
<figs_pdf_clip_vision/I1/05_rfem_step3_aggregate/K0.5/matrix.pdf, id=1898, 767.
75272pt x 608.35509pt>
File: figs_pdf_clip_vision/I1/05_rfem_step3_aggregate/K0.5/matrix.pdf Graphic f
ile (type pdf)
<use figs_pdf_clip_vision/I1/05_rfem_step3_aggregate/K0.5/matrix.pdf>
Package pdftex.def Info: figs_pdf_clip_vision/I1/05_rfem_step3_aggregate/K0.5/m
atrix.pdf  used on input line 328.
(pdftex.def)             Requested size: 237.63522pt x 188.29108pt.
<figs_clip_vision_sink_aware/I1/05_rfem_step3_aggregate/K0.5/matrix.pdf, id=189
9, 767.75272pt x 608.35509pt>
File: figs_clip_vision_sink_aware/I1/05_rfem_step3_aggregate/K0.5/matrix.pdf Gr
aphic file (type pdf)
<use figs_clip_vision_sink_aware/I1/05_rfem_step3_aggregate/K0.5/matrix.pdf>
Package pdftex.def Info: figs_clip_vision_sink_aware/I1/05_rfem_step3_aggregate
/K0.5/matrix.pdf  used on input line 332.
(pdftex.def)             Requested size: 237.63522pt x 188.29108pt.
 [8

 <./figs_pdf_clip_vision/I1/00_original/original.pdf> <./figs_pdf_clip_vision/I
1/01_vanilla/last_layer_overlay.pdf> <./figs_pdf_clip_vision/I1/02_rollout/over
lay.pdf> <./figs_pdf_clip_vision/I1/03_rfem_step1_per_head/head01_overlay.pdf> 
<./figs_pdf_clip_vision/I1/03_rfem_step1_per_head/head12_overlay.pdf>]
<figs_pdf_clip_vision/I1/05_rfem_step3_aggregate/K0.5/overlay.pdf, id=2144, 821
.09262pt x 607.7346pt>
File: figs_pdf_clip_vision/I1/05_rfem_step3_aggregate/K0.5/overlay.pdf Graphic 
file (type pdf)
<use figs_pdf_clip_vision/I1/05_rfem_step3_aggregate/K0.5/overlay.pdf>
Package pdftex.def Info: figs_pdf_clip_vision/I1/05_rfem_step3_aggregate/K0.5/o
verlay.pdf  used on input line 344.
(pdftex.def)             Requested size: 237.63522pt x 175.88614pt.
<figs_clip_vision_sink_aware/I1/05_rfem_step3_aggregate/K0.5/overlay.pdf, id=21
45, 874.76187pt x 607.7346pt>
File: figs_clip_vision_sink_aware/I1/05_rfem_step3_aggregate/K0.5/overlay.pdf G
raphic file (type pdf)
<use figs_clip_vision_sink_aware/I1/05_rfem_step3_aggregate/K0.5/overlay.pdf>
Package pdftex.def Info: figs_clip_vision_sink_aware/I1/05_rfem_step3_aggregate
/K0.5/overlay.pdf  used on input line 348.
(pdftex.def)             Requested size: 237.63522pt x 165.09204pt.
<figs_pdf_clip_vision/I1/05_rfem_step3_aggregate/K0.0/overlay.pdf, id=2146, 821
.09262pt x 607.7346pt>
File: figs_pdf_clip_vision/I1/05_rfem_step3_aggregate/K0.0/overlay.pdf Graphic 
file (type pdf)
<use figs_pdf_clip_vision/I1/05_rfem_step3_aggregate/K0.0/overlay.pdf>
Package pdftex.def Info: figs_pdf_clip_vision/I1/05_rfem_step3_aggregate/K0.0/o
verlay.pdf  used on input line 360.
(pdftex.def)             Requested size: 116.34358pt x 86.11159pt.
<figs_pdf_clip_vision/I1/05_rfem_step3_aggregate/K0.3/overlay.pdf, id=2147, 821
.09262pt x 607.7346pt>
File: figs_pdf_clip_vision/I1/05_rfem_step3_aggregate/K0.3/overlay.pdf Graphic 
file (type pdf)
<use figs_pdf_clip_vision/I1/05_rfem_step3_aggregate/K0.3/overlay.pdf>
Package pdftex.def Info: figs_pdf_clip_vision/I1/05_rfem_step3_aggregate/K0.3/o
verlay.pdf  used on input line 364.
(pdftex.def)             Requested size: 116.34358pt x 86.11159pt.
File: figs_pdf_clip_vision/I1/05_rfem_step3_aggregate/K0.5/overlay.pdf Graphic 
file (type pdf)
<use figs_pdf_clip_vision/I1/05_rfem_step3_aggregate/K0.5/overlay.pdf>
Package pdftex.def Info: figs_pdf_clip_vision/I1/05_rfem_step3_aggregate/K0.5/o
verlay.pdf  used on input line 368.
(pdftex.def)             Requested size: 116.34358pt x 86.11159pt.
<figs_pdf_clip_vision/I1/05_rfem_step3_aggregate/K1.0/overlay.pdf, id=2148, 821
.09262pt x 607.7346pt>
File: figs_pdf_clip_vision/I1/05_rfem_step3_aggregate/K1.0/overlay.pdf Graphic 
file (type pdf)
<use figs_pdf_clip_vision/I1/05_rfem_step3_aggregate/K1.0/overlay.pdf>
Package pdftex.def Info: figs_pdf_clip_vision/I1/05_rfem_step3_aggregate/K1.0/o
verlay.pdf  used on input line 372.
(pdftex.def)             Requested size: 116.34358pt x 86.11159pt.
 [9 <./figs_pdf_clip_vision/I1/05_rfem_step3_aggregate/K0.5/matrix.pdf> <./figs
_clip_vision_sink_aware/I1/05_rfem_step3_aggregate/K0.5/matrix.pdf> <./figs_pdf
_clip_vision/I1/05_rfem_step3_aggregate/K0.5/overlay.pdf> <./figs_clip_vision_s
ink_aware/I1/05_rfem_step3_aggregate/K0.5/overlay.pdf>]
<figs_clip_vision_sink_aware/I1/05_rfem_step3_aggregate/K0.0/overlay.pdf, id=24
11, 874.76187pt x 607.7346pt>
File: figs_clip_vision_sink_aware/I1/05_rfem_step3_aggregate/K0.0/overlay.pdf G
raphic file (type pdf)
<use figs_clip_vision_sink_aware/I1/05_rfem_step3_aggregate/K0.0/overlay.pdf>
Package pdftex.def Info: figs_clip_vision_sink_aware/I1/05_rfem_step3_aggregate
/K0.0/overlay.pdf  used on input line 384.
(pdftex.def)             Requested size: 116.34358pt x 80.82582pt.
<figs_clip_vision_sink_aware/I1/05_rfem_step3_aggregate/K0.3/overlay.pdf, id=24
12, 874.76187pt x 607.7346pt>
File: figs_clip_vision_sink_aware/I1/05_rfem_step3_aggregate/K0.3/overlay.pdf G
raphic file (type pdf)
<use figs_clip_vision_sink_aware/I1/05_rfem_step3_aggregate/K0.3/overlay.pdf>
Package pdftex.def Info: figs_clip_vision_sink_aware/I1/05_rfem_step3_aggregate
/K0.3/overlay.pdf  used on input line 388.
(pdftex.def)             Requested size: 116.34358pt x 80.82582pt.
File: figs_clip_vision_sink_aware/I1/05_rfem_step3_aggregate/K0.5/overlay.pdf G
raphic file (type pdf)
<use figs_clip_vision_sink_aware/I1/05_rfem_step3_aggregate/K0.5/overlay.pdf>
Package pdftex.def Info: figs_clip_vision_sink_aware/I1/05_rfem_step3_aggregate
/K0.5/overlay.pdf  used on input line 392.
(pdftex.def)             Requested size: 116.34358pt x 80.82582pt.
<figs_clip_vision_sink_aware/I1/05_rfem_step3_aggregate/K1.0/overlay.pdf, id=24
13, 874.76187pt x 607.7346pt>
File: figs_clip_vision_sink_aware/I1/05_rfem_step3_aggregate/K1.0/overlay.pdf G
raphic file (type pdf)
<use figs_clip_vision_sink_aware/I1/05_rfem_step3_aggregate/K1.0/overlay.pdf>
Package pdftex.def Info: figs_clip_vision_sink_aware/I1/05_rfem_step3_aggregate
/K1.0/overlay.pdf  used on input line 396.
(pdftex.def)             Requested size: 116.34358pt x 80.82582pt.
 [10 <./figs_pdf_clip_vision/I1/05_rfem_step3_aggregate/K0.0/overlay.pdf> <./fi
gs_pdf_clip_vision/I1/05_rfem_step3_aggregate/K0.3/overlay.pdf> <./figs_pdf_cli
p_vision/I1/05_rfem_step3_aggregate/K1.0/overlay.pdf> <./figs_clip_vision_sink_
aware/I1/05_rfem_step3_aggregate/K0.0/overlay.pdf> <./figs_clip_vision_sink_awa
re/I1/05_rfem_step3_aggregate/K0.3/overlay.pdf> <./figs_clip_vision_sink_aware/
I1/05_rfem_step3_aggregate/K1.0/overlay.pdf>]
(./report_rfem_comparison.aux)
 ***********
LaTeX2e <2023-11-01> patch level 1
L3 programming layer <2024-01-22>
 ***********
Package rerunfilecheck Info: File `report_rfem_comparison.out' has not changed.

(rerunfilecheck)             Checksum: 72BC17AAD6A0305C080E0744088ED0FE;566.
 ) 
Here is how much of TeX's memory you used:
 24202 strings out of 474222
 457033 string characters out of 5748733
 1934975 words of memory out of 5000000
 45960 multiletter control sequences out of 15000+600000
 572729 words of font info for 138 fonts, out of 8000000 for 9000
 1141 hyphenation exceptions out of 8191
 83i,9n,87p,1211b,627s stack positions out of 10000i,1000n,20000p,200000b,200000s
</usr/share/texlive/texmf-dist/fonts/type1/public/amsfonts/cm/cmbx10.pfb></us
r/share/texlive/texmf-dist/fonts/type1/public/amsfonts/cm/cmbx12.pfb></usr/shar
e/texlive/texmf-dist/fonts/type1/public/amsfonts/cm/cmbx9.pfb></usr/share/texli
ve/texmf-dist/fonts/type1/public/amsfonts/cm/cmex10.pfb></usr/share/texlive/tex
mf-dist/fonts/type1/public/amsfonts/cm/cmmi10.pfb></usr/share/texlive/texmf-dis
t/fonts/type1/public/amsfonts/cm/cmmi6.pfb></usr/share/texlive/texmf-dist/fonts
/type1/public/amsfonts/cm/cmmi7.pfb></usr/share/texlive/texmf-dist/fonts/type1/
public/amsfonts/cm/cmmi8.pfb></usr/share/texlive/texmf-dist/fonts/type1/public/
amsfonts/cm/cmmi9.pfb></usr/share/texlive/texmf-dist/fonts/type1/public/amsfont
s/cm/cmr10.pfb></usr/share/texlive/texmf-dist/fonts/type1/public/amsfonts/cm/cm
r6.pfb></usr/share/texlive/texmf-dist/fonts/type1/public/amsfonts/cm/cmr8.pfb><
/usr/share/texlive/texmf-dist/fonts/type1/public/amsfonts/cm/cmr9.pfb></usr/sha
re/texlive/texmf-dist/fonts/type1/public/amsfonts/cm/cmsy10.pfb></usr/share/tex
live/texmf-dist/fonts/type1/public/amsfonts/cm/cmti10.pfb></usr/share/texlive/t
exmf-dist/fonts/type1/public/amsfonts/cm/cmtt10.pfb></usr/share/texlive/texmf-d
ist/fonts/type1/public/amsfonts/cm/cmtt9.pfb>
Output written on report_rfem_comparison.pdf (10 pages, 3126294 bytes).
PDF statistics:
 2853 PDF objects out of 2984 (max. 8388607)
 605 compressed objects within 7 object streams
 32 named destinations out of 1000 (max. 500000)
 34536 words of extra memory for PDF output out of 35830 (max. 10000000)

